<?xml version="1.0" encoding="UTF-8"?>
<testsuite xmlns:xsi="http://www.w3.org/2001/XMLSchema-instance" xsi:noNamespaceSchemaLocation="https://maven.apache.org/surefire/maven-surefire-plugin/xsd/surefire-test-report.xsd" version="3.0.2" name="com.copal.webdev2.Webdev2ApplicationTests" time="3.291" tests="1" errors="0" skipped="0" failures="0" flakes="0">
  <properties>
[...]
</properties>
  <testcase name="contextLoads" classname="com.copal.webdev2.Webdev2ApplicationTests" time="0.837">
    <system-out><![CDATA[23:11:35.277 [main] INFO org.springframework.test.context.support.AnnotationConfigContextLoaderUtils -- Could not detect default configuration classes for test class [com.copal.webdev2.Webdev2ApplicationTests]: Webdev2ApplicationTests does not declare any static, non-private, non-final, nested classes annotated with @Configuration.
23:11:35.422 [main] INFO org.springframework.boot.test.context.SpringBootTestContextBootstrapper -- Found @SpringBootConfiguration com.copal.webdev2.Webdev2Application for test class com.copal.webdev2.Webdev2ApplicationTests

  .   ____          _            __ _ _
 /\\ / ___'_ __ _ _(_)_ __  __ _ \ \ \ \
( ( )\___ | '_ | '_| | '_ \/ _` | \ \ \ \
 \\/  ___)| |_)| | | | | || (_| |  ) ) ) )
  '  |____| .__|_| |_|_| |_\__, | / / / /
 =========|_|==============|___/=/_/_/_/

 :: Spring Boot ::             (v4.2.0-M1)

2026-09-12T23:11:36.041+08:00  INFO 26364 --- [webdev2] [           main] c.copal.webdev2.Webdev2ApplicationTests  : Starting Webdev2ApplicationTests using Java 17.0.16 with PID 26364 (started by Owen in C:\Users\Owen\Documents\webdev2)
2026-09-12T23:11:36.042+08:00  INFO 26364 --- [webdev2] [           main] c.copal.webdev2.Webdev2ApplicationTests  : No active profile set, falling back to 1 default profile: "default"
2026-09-12T23:11:37.441+08:00  INFO 26364 --- [webdev2] [           main] c.copal.webdev2.Webdev2ApplicationTests  : Started Webdev2ApplicationTests in 1.761 seconds (process running for 3.166)
]]></system-out>
  </testcase>
</testsuite>